<?xml version="1.0" encoding="UTF-8"?>
<coverage generated="1596317678834" clover="3.2.0">
  <project timestamp="1596317678835" name="All files">
    <metrics statements="124" coveredstatements="119" conditionals="77" coveredconditionals="63" methods="15" coveredmethods="15" elements="216" coveredelements="197" complexity="0" loc="124" ncloc="124" packages="3" files="6" classes="6"/>
    <package name="src">
      <metrics statements="51" coveredstatements="51" conditionals="48" coveredconditionals="37" methods="1" coveredmethods="1"/>
      <file name="config.js" path="/Users/michaelr/Documents/code/vue-graphql-node-boilerplate/api-apollo-node-boilerplate/src/config.js">
        <metrics statements="32" coveredstatements="32" conditionals="33" coveredconditionals="24" methods="0" coveredmethods="0"/>
        <line num="2" count="2" type="stmt"/>
        <line num="3" count="2" type="stmt"/>
        <line num="6" count="2" type="cond" truecount="2" falsecount="0"/>
        <line num="9" count="2" type="cond" truecount="1" falsecount="1"/>
        <line num="10" count="2" type="stmt"/>
        <line num="11" count="2" type="cond" truecount="1" falsecount="1"/>
        <line num="12" count="2" type="cond" truecount="1" falsecount="1"/>
        <line num="13" count="2" type="cond" truecount="2" falsecount="0"/>
        <line num="14" count="2" type="cond" truecount="1" falsecount="1"/>
        <line num="15" count="2" type="cond" truecount="2" falsecount="0"/>
        <line num="16" count="2" type="cond" truecount="2" falsecount="0"/>
        <line num="17" count="2" type="cond" truecount="2" falsecount="0"/>
        <line num="18" count="2" type="cond" truecount="1" falsecount="1"/>
        <line num="20" count="2" type="cond" truecount="1" falsecount="1"/>
        <line num="21" count="2" type="cond" truecount="1" falsecount="1"/>
        <line num="22" count="2" type="cond" truecount="1" falsecount="2"/>
        <line num="23" count="2" type="stmt"/>
        <line num="24" count="2" type="stmt"/>
        <line num="25" count="2" type="stmt"/>
        <line num="26" count="2" type="stmt"/>
        <line num="27" count="2" type="stmt"/>
        <line num="28" count="2" type="stmt"/>
        <line num="29" count="2" type="stmt"/>
        <line num="30" count="2" type="cond" truecount="2" falsecount="0"/>
        <line num="31" count="2" type="stmt"/>
        <line num="32" count="2" type="stmt"/>
        <line num="33" count="2" type="cond" truecount="2" falsecount="0"/>
        <line num="34" count="2" type="stmt"/>
        <line num="35" count="2" type="cond" truecount="2" falsecount="0"/>
        <line num="36" count="2" type="stmt"/>
        <line num="37" count="2" type="stmt"/>
        <line num="38" count="2" type="stmt"/>
      </file>
      <file name="configEmail.js" path="/Users/michaelr/Documents/code/vue-graphql-node-boilerplate/api-apollo-node-boilerplate/src/configEmail.js">
        <metrics statements="19" coveredstatements="19" conditionals="15" coveredconditionals="13" methods="1" coveredmethods="1"/>
        <line num="1" count="2" type="stmt"/>
        <line num="4" count="2" type="stmt"/>
        <line num="5" count="2" type="stmt"/>
        <line num="6" count="2" type="stmt"/>
        <line num="7" count="2" type="stmt"/>
        <line num="8" count="2" type="cond" truecount="1" falsecount="1"/>
        <line num="9" count="2" type="cond" truecount="1" falsecount="1"/>
        <line num="10" count="2" type="stmt"/>
        <line num="11" count="2" type="cond" truecount="2" falsecount="0"/>
        <line num="12" count="2" type="cond" truecount="2" falsecount="0"/>
        <line num="14" count="2" type="stmt"/>
        <line num="15" count="13" type="stmt"/>
        <line num="16" count="13" type="stmt"/>
        <line num="17" count="13" type="cond" truecount="7" falsecount="0"/>
        <line num="18" count="2" type="stmt"/>
        <line num="29" count="11" type="stmt"/>
        <line num="30" count="10" type="stmt"/>
        <line num="41" count="1" type="stmt"/>
        <line num="42" count="1" type="stmt"/>
      </file>
    </package>
    <package name="src.utils">
      <metrics statements="41" coveredstatements="37" conditionals="6" coveredconditionals="6" methods="9" coveredmethods="9"/>
      <file name="encryption.js" path="/Users/michaelr/Documents/code/vue-graphql-node-boilerplate/api-apollo-node-boilerplate/src/utils/encryption.js">
        <metrics statements="13" coveredstatements="13" conditionals="0" coveredconditionals="0" methods="2" coveredmethods="2"/>
        <line num="5" count="1" type="stmt"/>
        <line num="6" count="1" type="stmt"/>
        <line num="7" count="1" type="stmt"/>
        <line num="10" count="3" type="stmt"/>
        <line num="11" count="3" type="stmt"/>
        <line num="12" count="3" type="stmt"/>
        <line num="13" count="3" type="stmt"/>
        <line num="17" count="6" type="stmt"/>
        <line num="18" count="5" type="stmt"/>
        <line num="19" count="4" type="stmt"/>
        <line num="20" count="3" type="stmt"/>
        <line num="21" count="3" type="stmt"/>
        <line num="22" count="3" type="stmt"/>
      </file>
      <file name="generateAndVerifyToken.js" path="/Users/michaelr/Documents/code/vue-graphql-node-boilerplate/api-apollo-node-boilerplate/src/utils/generateAndVerifyToken.js">
        <metrics statements="28" coveredstatements="24" conditionals="6" coveredconditionals="6" methods="7" coveredmethods="7"/>
        <line num="8" count="4" type="stmt"/>
        <line num="9" count="4" type="stmt"/>
        <line num="18" count="4" type="stmt"/>
        <line num="22" count="3" type="cond" truecount="2" falsecount="0"/>
        <line num="23" count="2" type="stmt"/>
        <line num="24" count="2" type="stmt"/>
        <line num="25" count="2" type="stmt"/>
        <line num="27" count="0" type="stmt"/>
        <line num="28" count="0" type="stmt"/>
        <line num="33" count="3" type="cond" truecount="2" falsecount="0"/>
        <line num="34" count="2" type="stmt"/>
        <line num="35" count="2" type="stmt"/>
        <line num="36" count="2" type="stmt"/>
        <line num="38" count="0" type="stmt"/>
        <line num="39" count="0" type="stmt"/>
        <line num="44" count="8" type="stmt"/>
        <line num="49" count="8" type="cond" truecount="2" falsecount="0"/>
        <line num="50" count="6" type="stmt"/>
        <line num="52" count="2" type="stmt"/>
        <line num="55" count="2" type="stmt"/>
        <line num="59" count="4" type="stmt"/>
        <line num="60" count="4" type="stmt"/>
        <line num="61" count="1" type="stmt"/>
        <line num="63" count="3" type="stmt"/>
        <line num="68" count="4" type="stmt"/>
        <line num="69" count="4" type="stmt"/>
        <line num="70" count="1" type="stmt"/>
        <line num="72" count="3" type="stmt"/>
      </file>
    </package>
    <package name="src.utils.emailServices">
      <metrics statements="32" coveredstatements="31" conditionals="23" coveredconditionals="20" methods="5" coveredmethods="5"/>
      <file name="emailTemplates.js" path="/Users/michaelr/Documents/code/vue-graphql-node-boilerplate/api-apollo-node-boilerplate/src/utils/emailServices/emailTemplates.js">
        <metrics statements="6" coveredstatements="5" conditionals="11" coveredconditionals="9" methods="1" coveredmethods="1"/>
        <line num="6" count="15" type="cond" truecount="5" falsecount="0"/>
        <line num="7" count="1" type="stmt"/>
        <line num="10" count="14" type="cond" truecount="3" falsecount="2"/>
        <line num="11" count="0" type="stmt"/>
        <line num="13" count="14" type="stmt"/>
        <line num="15" count="14" type="stmt"/>
      </file>
      <file name="sendNodemailerMail.js" path="/Users/michaelr/Documents/code/vue-graphql-node-boilerplate/api-apollo-node-boilerplate/src/utils/emailServices/sendNodemailerMail.js">
        <metrics statements="26" coveredstatements="26" conditionals="12" coveredconditionals="11" methods="4" coveredmethods="4"/>
        <line num="5" count="1" type="cond" truecount="0" falsecount="1"/>
        <line num="6" count="14" type="cond" truecount="8" falsecount="0"/>
        <line num="8" count="3" type="stmt"/>
        <line num="14" count="11" type="stmt"/>
        <line num="15" count="11" type="stmt"/>
        <line num="19" count="1" type="stmt"/>
        <line num="20" count="14" type="stmt"/>
        <line num="22" count="14" type="stmt"/>
        <line num="24" count="14" type="stmt"/>
        <line num="25" count="12" type="stmt"/>
        <line num="28" count="1" type="stmt"/>
        <line num="29" count="12" type="stmt"/>
        <line num="31" count="12" type="stmt"/>
        <line num="32" count="12" type="cond" truecount="2" falsecount="0"/>
        <line num="33" count="9" type="stmt"/>
        <line num="35" count="9" type="stmt"/>
        <line num="37" count="12" type="stmt"/>
        <line num="40" count="1" type="cond" truecount="1" falsecount="0"/>
        <line num="41" count="15" type="stmt"/>
        <line num="43" count="15" type="stmt"/>
        <line num="45" count="15" type="stmt"/>
        <line num="47" count="14" type="stmt"/>
        <line num="49" count="14" type="stmt"/>
        <line num="51" count="12" type="stmt"/>
        <line num="53" count="3" type="stmt"/>
        <line num="54" count="3" type="stmt"/>
      </file>
    </package>
  </project>
</coverage>
