{"/Users/michaelr/Documents/code/vue-graphql-node-boilerplate/api-apollo-node-boilerplate/src/config.js": {"path":"/Users/michaelr/Documents/code/vue-graphql-node-boilerplate/api-apollo-node-boilerplate/src/config.js","statementMap":{"0":{"start":{"line":2,"column":0},"end":{"line":2,"column":26}},"1":{"start":{"line":3,"column":15},"end":{"line":3,"column":32}},"2":{"start":{"line":6,"column":25},"end":{"line":6,"column":85}},"3":{"start":{"line":9,"column":20},"end":{"line":9,"column":44}},"4":{"start":{"line":10,"column":26},"end":{"line":10,"column":48}},"5":{"start":{"line":11,"column":29},"end":{"line":11,"column":81}},"6":{"start":{"line":12,"column":26},"end":{"line":12,"column":75}},"7":{"start":{"line":13,"column":29},"end":{"line":13,"column":67}},"8":{"start":{"line":14,"column":27},"end":{"line":14,"column":74}},"9":{"start":{"line":15,"column":32},"end":{"line":15,"column":74}},"10":{"start":{"line":16,"column":37},"end":{"line":16,"column":90}},"11":{"start":{"line":17,"column":35},"end":{"line":17,"column":83}},"12":{"start":{"line":18,"column":23},"end":{"line":18,"column":53}},"13":{"start":{"line":20,"column":24},"end":{"line":20,"column":86}},"14":{"start":{"line":21,"column":29},"end":{"line":21,"column":134}},"15":{"start":{"line":22,"column":19},"end":{"line":22,"column":74}},"16":{"start":{"line":23,"column":32},"end":{"line":23,"column":60}},"17":{"start":{"line":24,"column":36},"end":{"line":24,"column":68}},"18":{"start":{"line":25,"column":34},"end":{"line":25,"column":64}},"19":{"start":{"line":26,"column":38},"end":{"line":26,"column":72}},"20":{"start":{"line":27,"column":30},"end":{"line":27,"column":56}},"21":{"start":{"line":28,"column":30},"end":{"line":28,"column":106}},"22":{"start":{"line":29,"column":29},"end":{"line":29,"column":104}},"23":{"start":{"line":30,"column":34},"end":{"line":30,"column":69}},"24":{"start":{"line":31,"column":39},"end":{"line":31,"column":128}},"25":{"start":{"line":32,"column":38},"end":{"line":32,"column":126}},"26":{"start":{"line":33,"column":37},"end":{"line":33,"column":83}},"27":{"start":{"line":34,"column":24},"end":{"line":34,"column":44}},"28":{"start":{"line":35,"column":25},"end":{"line":35,"column":87}},"29":{"start":{"line":36,"column":25},"end":{"line":36,"column":46}},"30":{"start":{"line":37,"column":34},"end":{"line":37,"column":64}},"31":{"start":{"line":38,"column":43},"end":{"line":38,"column":82}}},"fnMap":{},"branchMap":{"0":{"loc":{"start":{"line":6,"column":25},"end":{"line":6,"column":85}},"type":"binary-expr","locations":[{"start":{"line":6,"column":25},"end":{"line":6,"column":48}},{"start":{"line":6,"column":52},"end":{"line":6,"column":85}}],"line":6},"1":{"loc":{"start":{"line":9,"column":20},"end":{"line":9,"column":44}},"type":"binary-expr","locations":[{"start":{"line":9,"column":20},"end":{"line":9,"column":36}},{"start":{"line":9,"column":40},"end":{"line":9,"column":44}}],"line":9},"2":{"loc":{"start":{"line":11,"column":29},"end":{"line":11,"column":81}},"type":"binary-expr","locations":[{"start":{"line":11,"column":29},"end":{"line":11,"column":54}},{"start":{"line":11,"column":58},"end":{"line":11,"column":81}}],"line":11},"3":{"loc":{"start":{"line":12,"column":26},"end":{"line":12,"column":75}},"type":"binary-expr","locations":[{"start":{"line":12,"column":26},"end":{"line":12,"column":48}},{"start":{"line":12,"column":52},"end":{"line":12,"column":75}}],"line":12},"4":{"loc":{"start":{"line":13,"column":29},"end":{"line":13,"column":67}},"type":"binary-expr","locations":[{"start":{"line":13,"column":29},"end":{"line":13,"column":54}},{"start":{"line":13,"column":58},"end":{"line":13,"column":67}}],"line":13},"5":{"loc":{"start":{"line":14,"column":27},"end":{"line":14,"column":74}},"type":"binary-expr","locations":[{"start":{"line":14,"column":27},"end":{"line":14,"column":50}},{"start":{"line":14,"column":54},"end":{"line":14,"column":74}}],"line":14},"6":{"loc":{"start":{"line":15,"column":32},"end":{"line":15,"column":74}},"type":"binary-expr","locations":[{"start":{"line":15,"column":32},"end":{"line":15,"column":60}},{"start":{"line":15,"column":64},"end":{"line":15,"column":74}}],"line":15},"7":{"loc":{"start":{"line":16,"column":37},"end":{"line":16,"column":90}},"type":"binary-expr","locations":[{"start":{"line":16,"column":37},"end":{"line":16,"column":70}},{"start":{"line":16,"column":74},"end":{"line":16,"column":90}}],"line":16},"8":{"loc":{"start":{"line":17,"column":35},"end":{"line":17,"column":83}},"type":"binary-expr","locations":[{"start":{"line":17,"column":35},"end":{"line":17,"column":66}},{"start":{"line":17,"column":70},"end":{"line":17,"column":83}}],"line":17},"9":{"loc":{"start":{"line":18,"column":23},"end":{"line":18,"column":53}},"type":"binary-expr","locations":[{"start":{"line":18,"column":23},"end":{"line":18,"column":42}},{"start":{"line":18,"column":46},"end":{"line":18,"column":53}}],"line":18},"10":{"loc":{"start":{"line":20,"column":24},"end":{"line":20,"column":86}},"type":"cond-expr","locations":[{"start":{"line":20,"column":47},"end":{"line":20,"column":78}},{"start":{"line":20,"column":81},"end":{"line":20,"column":86}}],"line":20},"11":{"loc":{"start":{"line":21,"column":29},"end":{"line":21,"column":134}},"type":"cond-expr","locations":[{"start":{"line":21,"column":57},"end":{"line":21,"column":93}},{"start":{"line":21,"column":96},"end":{"line":21,"column":134}}],"line":21},"12":{"loc":{"start":{"line":22,"column":19},"end":{"line":22,"column":74}},"type":"binary-expr","locations":[{"start":{"line":22,"column":19},"end":{"line":22,"column":39}},{"start":{"line":22,"column":43},"end":{"line":22,"column":58}},{"start":{"line":22,"column":62},"end":{"line":22,"column":74}}],"line":22},"13":{"loc":{"start":{"line":30,"column":34},"end":{"line":30,"column":69}},"type":"binary-expr","locations":[{"start":{"line":30,"column":34},"end":{"line":30,"column":60}},{"start":{"line":30,"column":64},"end":{"line":30,"column":69}}],"line":30},"14":{"loc":{"start":{"line":33,"column":37},"end":{"line":33,"column":83}},"type":"binary-expr","locations":[{"start":{"line":33,"column":37},"end":{"line":33,"column":70}},{"start":{"line":33,"column":74},"end":{"line":33,"column":83}}],"line":33},"15":{"loc":{"start":{"line":35,"column":25},"end":{"line":35,"column":87}},"type":"binary-expr","locations":[{"start":{"line":35,"column":25},"end":{"line":35,"column":46}},{"start":{"line":35,"column":50},"end":{"line":35,"column":87}}],"line":35}},"s":{"0":2,"1":2,"2":2,"3":2,"4":2,"5":2,"6":2,"7":2,"8":2,"9":2,"10":2,"11":2,"12":2,"13":2,"14":2,"15":2,"16":2,"17":2,"18":2,"19":2,"20":2,"21":2,"22":2,"23":2,"24":2,"25":2,"26":2,"27":2,"28":2,"29":2,"30":2,"31":2},"f":{},"b":{"0":[2,2],"1":[2,0],"2":[2,0],"3":[2,0],"4":[2,2],"5":[2,0],"6":[2,2],"7":[2,2],"8":[2,2],"9":[2,0],"10":[0,2],"11":[2,0],"12":[2,0,0],"13":[2,2],"14":[2,2],"15":[2,2]},"_coverageSchema":"1a1c01bbd47fc00a2c39e90264f33305004495a9","hash":"632459c86fac061fc2626d72ee5f66ab33862120"}
,"/Users/michaelr/Documents/code/vue-graphql-node-boilerplate/api-apollo-node-boilerplate/src/configEmail.js": {"path":"/Users/michaelr/Documents/code/vue-graphql-node-boilerplate/api-apollo-node-boilerplate/src/configEmail.js","statementMap":{"0":{"start":{"line":1,"column":0},"end":{"line":1,"column":26}},"1":{"start":{"line":4,"column":33},"end":{"line":4,"column":62}},"2":{"start":{"line":5,"column":33},"end":{"line":5,"column":76}},"3":{"start":{"line":6,"column":33},"end":{"line":6,"column":62}},"4":{"start":{"line":7,"column":33},"end":{"line":7,"column":62}},"5":{"start":{"line":8,"column":31},"end":{"line":8,"column":83}},"6":{"start":{"line":9,"column":31},"end":{"line":9,"column":79}},"7":{"start":{"line":10,"column":27},"end":{"line":10,"column":61}},"8":{"start":{"line":11,"column":35},"end":{"line":11,"column":82}},"9":{"start":{"line":12,"column":36},"end":{"line":12,"column":91}},"10":{"start":{"line":14,"column":22},"end":{"line":44,"column":1}},"11":{"start":{"line":15,"column":2},"end":{"line":43,"column":3}},"12":{"start":{"line":16,"column":20},"end":{"line":16,"column":51}},"13":{"start":{"line":17,"column":4},"end":{"line":39,"column":5}},"14":{"start":{"line":18,"column":6},"end":{"line":26,"column":7}},"15":{"start":{"line":29,"column":24},"end":{"line":29,"column":60}},"16":{"start":{"line":30,"column":6},"end":{"line":38,"column":7}},"17":{"start":{"line":41,"column":4},"end":{"line":41,"column":53}},"18":{"start":{"line":42,"column":4},"end":{"line":42,"column":13}}},"fnMap":{"0":{"name":"(anonymous_0)","decl":{"start":{"line":14,"column":22},"end":{"line":14,"column":23}},"loc":{"start":{"line":14,"column":34},"end":{"line":44,"column":1}},"line":14}},"branchMap":{"0":{"loc":{"start":{"line":8,"column":31},"end":{"line":8,"column":83}},"type":"binary-expr","locations":[{"start":{"line":8,"column":31},"end":{"line":8,"column":58}},{"start":{"line":8,"column":62},"end":{"line":8,"column":83}}],"line":8},"1":{"loc":{"start":{"line":9,"column":31},"end":{"line":9,"column":79}},"type":"binary-expr","locations":[{"start":{"line":9,"column":31},"end":{"line":9,"column":72}},{"start":{"line":9,"column":76},"end":{"line":9,"column":79}}],"line":9},"2":{"loc":{"start":{"line":11,"column":35},"end":{"line":11,"column":82}},"type":"binary-expr","locations":[{"start":{"line":11,"column":35},"end":{"line":11,"column":66}},{"start":{"line":11,"column":70},"end":{"line":11,"column":82}}],"line":11},"3":{"loc":{"start":{"line":12,"column":36},"end":{"line":12,"column":91}},"type":"binary-expr","locations":[{"start":{"line":12,"column":36},"end":{"line":12,"column":68}},{"start":{"line":12,"column":72},"end":{"line":12,"column":91}}],"line":12},"4":{"loc":{"start":{"line":17,"column":4},"end":{"line":39,"column":5}},"type":"if","locations":[{"start":{"line":17,"column":4},"end":{"line":39,"column":5}},{"start":{"line":17,"column":4},"end":{"line":39,"column":5}}],"line":17},"5":{"loc":{"start":{"line":17,"column":8},"end":{"line":17,"column":100}},"type":"binary-expr","locations":[{"start":{"line":17,"column":8},"end":{"line":17,"column":25}},{"start":{"line":17,"column":29},"end":{"line":17,"column":46}},{"start":{"line":17,"column":50},"end":{"line":17,"column":67}},{"start":{"line":17,"column":71},"end":{"line":17,"column":88}},{"start":{"line":17,"column":92},"end":{"line":17,"column":100}}],"line":17}},"s":{"0":2,"1":2,"2":2,"3":2,"4":2,"5":2,"6":2,"7":2,"8":2,"9":2,"10":2,"11":13,"12":13,"13":13,"14":2,"15":11,"16":10,"17":1,"18":1},"f":{"0":13},"b":{"0":[2,0],"1":[2,0],"2":[2,2],"3":[2,2],"4":[2,11],"5":[13,13,13,13,13]},"_coverageSchema":"1a1c01bbd47fc00a2c39e90264f33305004495a9","hash":"beece14a1c3a430b5d71bf395f88bce8074fd69b"}
,"/Users/michaelr/Documents/code/vue-graphql-node-boilerplate/api-apollo-node-boilerplate/src/utils/encryption.js": {"path":"/Users/michaelr/Documents/code/vue-graphql-node-boilerplate/api-apollo-node-boilerplate/src/utils/encryption.js","statementMap":{"0":{"start":{"line":5,"column":18},"end":{"line":5,"column":31}},"1":{"start":{"line":6,"column":12},"end":{"line":6,"column":57}},"2":{"start":{"line":7,"column":11},"end":{"line":7,"column":33}},"3":{"start":{"line":10,"column":15},"end":{"line":10,"column":56}},"4":{"start":{"line":11,"column":18},"end":{"line":11,"column":37}},"5":{"start":{"line":12,"column":2},"end":{"line":12,"column":56}},"6":{"start":{"line":13,"column":2},"end":{"line":13,"column":77}},"7":{"start":{"line":17,"column":11},"end":{"line":17,"column":38}},"8":{"start":{"line":18,"column":22},"end":{"line":18,"column":60}},"9":{"start":{"line":19,"column":17},"end":{"line":19,"column":60}},"10":{"start":{"line":20,"column":18},"end":{"line":20,"column":48}},"11":{"start":{"line":21,"column":2},"end":{"line":21,"column":58}},"12":{"start":{"line":22,"column":2},"end":{"line":22,"column":29}}},"fnMap":{"0":{"name":"encrypt","decl":{"start":{"line":9,"column":16},"end":{"line":9,"column":23}},"loc":{"start":{"line":9,"column":30},"end":{"line":14,"column":1}},"line":9},"1":{"name":"decrypt","decl":{"start":{"line":16,"column":16},"end":{"line":16,"column":23}},"loc":{"start":{"line":16,"column":30},"end":{"line":23,"column":1}},"line":16}},"branchMap":{},"s":{"0":1,"1":1,"2":1,"3":3,"4":3,"5":3,"6":3,"7":6,"8":5,"9":4,"10":3,"11":3,"12":3},"f":{"0":3,"1":6},"b":{},"_coverageSchema":"1a1c01bbd47fc00a2c39e90264f33305004495a9","hash":"e1476cb36529541e11ddc05d9c268c0e4dd2f01c"}
,"/Users/michaelr/Documents/code/vue-graphql-node-boilerplate/api-apollo-node-boilerplate/src/utils/generateAndVerifyToken.js": {"path":"/Users/michaelr/Documents/code/vue-graphql-node-boilerplate/api-apollo-node-boilerplate/src/utils/generateAndVerifyToken.js","statementMap":{"0":{"start":{"line":8,"column":21},"end":{"line":8,"column":81}},"1":{"start":{"line":9,"column":16},"end":{"line":17,"column":3}},"2":{"start":{"line":18,"column":2},"end":{"line":18,"column":30}},"3":{"start":{"line":22,"column":2},"end":{"line":22,"column":65}},"4":{"start":{"line":22,"column":23},"end":{"line":22,"column":65}},"5":{"start":{"line":23,"column":2},"end":{"line":29,"column":3}},"6":{"start":{"line":24,"column":54},"end":{"line":24,"column":115}},"7":{"start":{"line":25,"column":4},"end":{"line":25,"column":33}},"8":{"start":{"line":27,"column":4},"end":{"line":27,"column":28}},"9":{"start":{"line":28,"column":4},"end":{"line":28,"column":13}},"10":{"start":{"line":33,"column":2},"end":{"line":33,"column":65}},"11":{"start":{"line":33,"column":23},"end":{"line":33,"column":65}},"12":{"start":{"line":34,"column":2},"end":{"line":40,"column":3}},"13":{"start":{"line":35,"column":73},"end":{"line":35,"column":146}},"14":{"start":{"line":36,"column":4},"end":{"line":36,"column":51}},"15":{"start":{"line":38,"column":4},"end":{"line":38,"column":28}},"16":{"start":{"line":39,"column":4},"end":{"line":39,"column":13}},"17":{"start":{"line":44,"column":25},"end":{"line":54,"column":3}},"18":{"start":{"line":49,"column":6},"end":{"line":51,"column":7}},"19":{"start":{"line":50,"column":8},"end":{"line":50,"column":17}},"20":{"start":{"line":52,"column":6},"end":{"line":52,"column":27}},"21":{"start":{"line":55,"column":2},"end":{"line":55,"column":23}},"22":{"start":{"line":59,"column":2},"end":{"line":64,"column":3}},"23":{"start":{"line":60,"column":27},"end":{"line":60,"column":70}},"24":{"start":{"line":61,"column":4},"end":{"line":61,"column":25}},"25":{"start":{"line":63,"column":4},"end":{"line":63,"column":13}},"26":{"start":{"line":68,"column":2},"end":{"line":73,"column":3}},"27":{"start":{"line":69,"column":27},"end":{"line":69,"column":79}},"28":{"start":{"line":70,"column":4},"end":{"line":70,"column":25}},"29":{"start":{"line":72,"column":4},"end":{"line":72,"column":13}}},"fnMap":{"0":{"name":"generateToken","decl":{"start":{"line":7,"column":15},"end":{"line":7,"column":28}},"loc":{"start":{"line":7,"column":68},"end":{"line":19,"column":1}},"line":7},"1":{"name":"generateJWTToken","decl":{"start":{"line":21,"column":22},"end":{"line":21,"column":38}},"loc":{"start":{"line":21,"column":46},"end":{"line":30,"column":1}},"line":21},"2":{"name":"generateRefreshToken","decl":{"start":{"line":32,"column":22},"end":{"line":32,"column":42}},"loc":{"start":{"line":32,"column":50},"end":{"line":41,"column":1}},"line":32},"3":{"name":"verifyToken","decl":{"start":{"line":43,"column":15},"end":{"line":43,"column":26}},"loc":{"start":{"line":43,"column":44},"end":{"line":56,"column":1}},"line":43},"4":{"name":"(anonymous_4)","decl":{"start":{"line":48,"column":4},"end":{"line":48,"column":5}},"loc":{"start":{"line":48,"column":30},"end":{"line":53,"column":5}},"line":48},"5":{"name":"verifyJWT","decl":{"start":{"line":58,"column":22},"end":{"line":58,"column":31}},"loc":{"start":{"line":58,"column":44},"end":{"line":65,"column":1}},"line":58},"6":{"name":"verifyRefreshToken","decl":{"start":{"line":67,"column":22},"end":{"line":67,"column":40}},"loc":{"start":{"line":67,"column":53},"end":{"line":74,"column":1}},"line":67}},"branchMap":{"0":{"loc":{"start":{"line":22,"column":2},"end":{"line":22,"column":65}},"type":"if","locations":[{"start":{"line":22,"column":2},"end":{"line":22,"column":65}},{"start":{"line":22,"column":2},"end":{"line":22,"column":65}}],"line":22},"1":{"loc":{"start":{"line":33,"column":2},"end":{"line":33,"column":65}},"type":"if","locations":[{"start":{"line":33,"column":2},"end":{"line":33,"column":65}},{"start":{"line":33,"column":2},"end":{"line":33,"column":65}}],"line":33},"2":{"loc":{"start":{"line":49,"column":6},"end":{"line":51,"column":7}},"type":"if","locations":[{"start":{"line":49,"column":6},"end":{"line":51,"column":7}},{"start":{"line":49,"column":6},"end":{"line":51,"column":7}}],"line":49}},"s":{"0":4,"1":4,"2":4,"3":3,"4":1,"5":2,"6":2,"7":2,"8":0,"9":0,"10":3,"11":1,"12":2,"13":2,"14":2,"15":0,"16":0,"17":8,"18":8,"19":6,"20":2,"21":2,"22":4,"23":4,"24":1,"25":3,"26":4,"27":4,"28":1,"29":3},"f":{"0":4,"1":3,"2":3,"3":8,"4":8,"5":4,"6":4},"b":{"0":[1,2],"1":[1,2],"2":[6,2]},"_coverageSchema":"1a1c01bbd47fc00a2c39e90264f33305004495a9","hash":"3386a5ce8c698e80a32397c2a4856e90de6b044c"}
,"/Users/michaelr/Documents/code/vue-graphql-node-boilerplate/api-apollo-node-boilerplate/src/utils/emailServices/emailTemplates.js": {"path":"/Users/michaelr/Documents/code/vue-graphql-node-boilerplate/api-apollo-node-boilerplate/src/utils/emailServices/emailTemplates.js","statementMap":{"0":{"start":{"line":6,"column":4},"end":{"line":8,"column":5}},"1":{"start":{"line":7,"column":6},"end":{"line":7,"column":77}},"2":{"start":{"line":10,"column":4},"end":{"line":14,"column":5}},"3":{"start":{"line":11,"column":6},"end":{"line":11,"column":49}},"4":{"start":{"line":13,"column":6},"end":{"line":13,"column":65}},"5":{"start":{"line":15,"column":4},"end":{"line":21,"column":5}}},"fnMap":{"0":{"name":"(anonymous_0)","decl":{"start":{"line":5,"column":2},"end":{"line":5,"column":3}},"loc":{"start":{"line":5,"column":83},"end":{"line":22,"column":3}},"line":5}},"branchMap":{"0":{"loc":{"start":{"line":5,"column":22},"end":{"line":5,"column":33}},"type":"default-arg","locations":[{"start":{"line":5,"column":31},"end":{"line":5,"column":33}}],"line":5},"1":{"loc":{"start":{"line":6,"column":4},"end":{"line":8,"column":5}},"type":"if","locations":[{"start":{"line":6,"column":4},"end":{"line":8,"column":5}},{"start":{"line":6,"column":4},"end":{"line":8,"column":5}}],"line":6},"2":{"loc":{"start":{"line":6,"column":8},"end":{"line":6,"column":59}},"type":"binary-expr","locations":[{"start":{"line":6,"column":8},"end":{"line":6,"column":22}},{"start":{"line":6,"column":26},"end":{"line":6,"column":43}},{"start":{"line":6,"column":47},"end":{"line":6,"column":59}}],"line":6},"3":{"loc":{"start":{"line":10,"column":4},"end":{"line":14,"column":5}},"type":"if","locations":[{"start":{"line":10,"column":4},"end":{"line":14,"column":5}},{"start":{"line":10,"column":4},"end":{"line":14,"column":5}}],"line":10},"4":{"loc":{"start":{"line":10,"column":8},"end":{"line":10,"column":45}},"type":"binary-expr","locations":[{"start":{"line":10,"column":8},"end":{"line":10,"column":14}},{"start":{"line":10,"column":18},"end":{"line":10,"column":29}},{"start":{"line":10,"column":33},"end":{"line":10,"column":45}}],"line":10}},"s":{"0":15,"1":1,"2":14,"3":0,"4":14,"5":14},"f":{"0":15},"b":{"0":[15],"1":[1,14],"2":[15,14,14],"3":[0,14],"4":[14,14,0]},"_coverageSchema":"1a1c01bbd47fc00a2c39e90264f33305004495a9","hash":"78f9a34e7211aaa25986728ee28fa555db04e95a"}
,"/Users/michaelr/Documents/code/vue-graphql-node-boilerplate/api-apollo-node-boilerplate/src/utils/emailServices/sendNodemailerMail.js": {"path":"/Users/michaelr/Documents/code/vue-graphql-node-boilerplate/api-apollo-node-boilerplate/src/utils/emailServices/sendNodemailerMail.js","statementMap":{"0":{"start":{"line":5,"column":29},"end":{"line":17,"column":1}},"1":{"start":{"line":6,"column":2},"end":{"line":16,"column":3}},"2":{"start":{"line":8,"column":4},"end":{"line":11,"column":5}},"3":{"start":{"line":14,"column":4},"end":{"line":14,"column":47}},"4":{"start":{"line":15,"column":4},"end":{"line":15,"column":25}},"5":{"start":{"line":19,"column":35},"end":{"line":26,"column":1}},"6":{"start":{"line":20,"column":15},"end":{"line":20,"column":53}},"7":{"start":{"line":22,"column":20},"end":{"line":22,"column":105}},"8":{"start":{"line":24,"column":2},"end":{"line":24,"column":28}},"9":{"start":{"line":25,"column":2},"end":{"line":25,"column":20}},"10":{"start":{"line":28,"column":33},"end":{"line":38,"column":1}},"11":{"start":{"line":29,"column":22},"end":{"line":29,"column":61}},"12":{"start":{"line":31,"column":2},"end":{"line":31,"column":58}},"13":{"start":{"line":32,"column":2},"end":{"line":36,"column":3}},"14":{"start":{"line":33,"column":4},"end":{"line":33,"column":81}},"15":{"start":{"line":35,"column":4},"end":{"line":35,"column":95}},"16":{"start":{"line":37,"column":2},"end":{"line":37,"column":48}},"17":{"start":{"line":40,"column":25},"end":{"line":56,"column":1}},"18":{"start":{"line":41,"column":2},"end":{"line":55,"column":3}},"19":{"start":{"line":43,"column":24},"end":{"line":43,"column":43}},"20":{"start":{"line":45,"column":22},"end":{"line":45,"column":72}},"21":{"start":{"line":47,"column":4},"end":{"line":47,"column":67}},"22":{"start":{"line":49,"column":22},"end":{"line":49,"column":70}},"23":{"start":{"line":51,"column":4},"end":{"line":51,"column":61}},"24":{"start":{"line":53,"column":4},"end":{"line":53,"column":52}},"25":{"start":{"line":54,"column":4},"end":{"line":54,"column":58}}},"fnMap":{"0":{"name":"(anonymous_0)","decl":{"start":{"line":5,"column":29},"end":{"line":5,"column":30}},"loc":{"start":{"line":5,"column":65},"end":{"line":17,"column":1}},"line":5},"1":{"name":"(anonymous_1)","decl":{"start":{"line":19,"column":35},"end":{"line":19,"column":36}},"loc":{"start":{"line":19,"column":59},"end":{"line":26,"column":1}},"line":19},"2":{"name":"(anonymous_2)","decl":{"start":{"line":28,"column":33},"end":{"line":28,"column":34}},"loc":{"start":{"line":28,"column":69},"end":{"line":38,"column":1}},"line":28},"3":{"name":"(anonymous_3)","decl":{"start":{"line":40,"column":25},"end":{"line":40,"column":26}},"loc":{"start":{"line":40,"column":97},"end":{"line":56,"column":1}},"line":40}},"branchMap":{"0":{"loc":{"start":{"line":5,"column":36},"end":{"line":5,"column":60}},"type":"default-arg","locations":[{"start":{"line":5,"column":57},"end":{"line":5,"column":60}}],"line":5},"1":{"loc":{"start":{"line":6,"column":2},"end":{"line":16,"column":3}},"type":"if","locations":[{"start":{"line":6,"column":2},"end":{"line":16,"column":3}},{"start":{"line":6,"column":2},"end":{"line":16,"column":3}}],"line":6},"2":{"loc":{"start":{"line":6,"column":6},"end":{"line":6,"column":145}},"type":"binary-expr","locations":[{"start":{"line":6,"column":6},"end":{"line":6,"column":20}},{"start":{"line":6,"column":24},"end":{"line":6,"column":43}},{"start":{"line":6,"column":47},"end":{"line":6,"column":66}},{"start":{"line":6,"column":70},"end":{"line":6,"column":89}},{"start":{"line":6,"column":93},"end":{"line":6,"column":117}},{"start":{"line":6,"column":121},"end":{"line":6,"column":145}}],"line":6},"3":{"loc":{"start":{"line":32,"column":2},"end":{"line":36,"column":3}},"type":"if","locations":[{"start":{"line":32,"column":2},"end":{"line":36,"column":3}},{"start":{"line":32,"column":2},"end":{"line":36,"column":3}}],"line":32},"4":{"loc":{"start":{"line":40,"column":71},"end":{"line":40,"column":90}},"type":"default-arg","locations":[{"start":{"line":40,"column":88},"end":{"line":40,"column":90}}],"line":40}},"s":{"0":1,"1":14,"2":3,"3":11,"4":11,"5":1,"6":14,"7":14,"8":14,"9":12,"10":1,"11":12,"12":12,"13":12,"14":9,"15":9,"16":12,"17":1,"18":15,"19":15,"20":15,"21":14,"22":14,"23":12,"24":3,"25":3},"f":{"0":14,"1":14,"2":12,"3":15},"b":{"0":[0],"1":[3,11],"2":[14,14,4,3,3,3],"3":[9,3],"4":[11]},"_coverageSchema":"1a1c01bbd47fc00a2c39e90264f33305004495a9","hash":"437ec4f6c6f1c42ba4f27c593e75766eec39c737"}
}
