TN:
SF:src/config.js
FNF:0
FNH:0
DA:2,2
DA:3,2
DA:6,2
DA:9,2
DA:10,2
DA:11,2
DA:12,2
DA:13,2
DA:14,2
DA:15,2
DA:16,2
DA:17,2
DA:18,2
DA:20,2
DA:21,2
DA:22,2
DA:23,2
DA:24,2
DA:25,2
DA:26,2
DA:27,2
DA:28,2
DA:29,2
DA:30,2
DA:31,2
DA:32,2
DA:33,2
DA:34,2
DA:35,2
DA:36,2
DA:37,2
DA:38,2
LF:32
LH:32
BRDA:6,0,0,2
BRDA:6,0,1,2
BRDA:9,1,0,2
BRDA:9,1,1,0
BRDA:11,2,0,2
BRDA:11,2,1,0
BRDA:12,3,0,2
BRDA:12,3,1,0
BRDA:13,4,0,2
BRDA:13,4,1,2
BRDA:14,5,0,2
BRDA:14,5,1,0
BRDA:15,6,0,2
BRDA:15,6,1,2
BRDA:16,7,0,2
BRDA:16,7,1,2
BRDA:17,8,0,2
BRDA:17,8,1,2
BRDA:18,9,0,2
BRDA:18,9,1,0
BRDA:20,10,0,0
BRDA:20,10,1,2
BRDA:21,11,0,2
BRDA:21,11,1,0
BRDA:22,12,0,2
BRDA:22,12,1,0
BRDA:22,12,2,0
BRDA:30,13,0,2
BRDA:30,13,1,2
BRDA:33,14,0,2
BRDA:33,14,1,2
BRDA:35,15,0,2
BRDA:35,15,1,2
BRF:33
BRH:24
end_of_record
TN:
SF:src/configEmail.js
FN:14,(anonymous_0)
FNF:1
FNH:1
FNDA:13,(anonymous_0)
DA:1,2
DA:4,2
DA:5,2
DA:6,2
DA:7,2
DA:8,2
DA:9,2
DA:10,2
DA:11,2
DA:12,2
DA:14,2
DA:15,13
DA:16,13
DA:17,13
DA:18,2
DA:29,11
DA:30,10
DA:41,1
DA:42,1
LF:19
LH:19
BRDA:8,0,0,2
BRDA:8,0,1,0
BRDA:9,1,0,2
BRDA:9,1,1,0
BRDA:11,2,0,2
BRDA:11,2,1,2
BRDA:12,3,0,2
BRDA:12,3,1,2
BRDA:17,4,0,2
BRDA:17,4,1,11
BRDA:17,5,0,13
BRDA:17,5,1,13
BRDA:17,5,2,13
BRDA:17,5,3,13
BRDA:17,5,4,13
BRF:15
BRH:13
end_of_record
TN:
SF:src/utils/encryption.js
FN:9,encrypt
FN:16,decrypt
FNF:2
FNH:2
FNDA:3,encrypt
FNDA:6,decrypt
DA:5,1
DA:6,1
DA:7,1
DA:10,3
DA:11,3
DA:12,3
DA:13,3
DA:17,6
DA:18,5
DA:19,4
DA:20,3
DA:21,3
DA:22,3
LF:13
LH:13
BRF:0
BRH:0
end_of_record
TN:
SF:src/utils/generateAndVerifyToken.js
FN:7,generateToken
FN:21,generateJWTToken
FN:32,generateRefreshToken
FN:43,verifyToken
FN:48,(anonymous_4)
FN:58,verifyJWT
FN:67,verifyRefreshToken
FNF:7
FNH:7
FNDA:4,generateToken
FNDA:3,generateJWTToken
FNDA:3,generateRefreshToken
FNDA:8,verifyToken
FNDA:8,(anonymous_4)
FNDA:4,verifyJWT
FNDA:4,verifyRefreshToken
DA:8,4
DA:9,4
DA:18,4
DA:22,3
DA:23,2
DA:24,2
DA:25,2
DA:27,0
DA:28,0
DA:33,3
DA:34,2
DA:35,2
DA:36,2
DA:38,0
DA:39,0
DA:44,8
DA:49,8
DA:50,6
DA:52,2
DA:55,2
DA:59,4
DA:60,4
DA:61,1
DA:63,3
DA:68,4
DA:69,4
DA:70,1
DA:72,3
LF:28
LH:24
BRDA:22,0,0,1
BRDA:22,0,1,2
BRDA:33,1,0,1
BRDA:33,1,1,2
BRDA:49,2,0,6
BRDA:49,2,1,2
BRF:6
BRH:6
end_of_record
TN:
SF:src/utils/emailServices/emailTemplates.js
FN:5,(anonymous_0)
FNF:1
FNH:1
FNDA:15,(anonymous_0)
DA:6,15
DA:7,1
DA:10,14
DA:11,0
DA:13,14
DA:15,14
LF:6
LH:5
BRDA:5,0,0,15
BRDA:6,1,0,1
BRDA:6,1,1,14
BRDA:6,2,0,15
BRDA:6,2,1,14
BRDA:6,2,2,14
BRDA:10,3,0,0
BRDA:10,3,1,14
BRDA:10,4,0,14
BRDA:10,4,1,14
BRDA:10,4,2,0
BRF:11
BRH:9
end_of_record
TN:
SF:src/utils/emailServices/sendNodemailerMail.js
FN:5,(anonymous_0)
FN:19,(anonymous_1)
FN:28,(anonymous_2)
FN:40,(anonymous_3)
FNF:4
FNH:4
FNDA:14,(anonymous_0)
FNDA:14,(anonymous_1)
FNDA:12,(anonymous_2)
FNDA:15,(anonymous_3)
DA:5,1
DA:6,14
DA:8,3
DA:14,11
DA:15,11
DA:19,1
DA:20,14
DA:22,14
DA:24,14
DA:25,12
DA:28,1
DA:29,12
DA:31,12
DA:32,12
DA:33,9
DA:35,9
DA:37,12
DA:40,1
DA:41,15
DA:43,15
DA:45,15
DA:47,14
DA:49,14
DA:51,12
DA:53,3
DA:54,3
LF:26
LH:26
BRDA:5,0,0,0
BRDA:6,1,0,3
BRDA:6,1,1,11
BRDA:6,2,0,14
BRDA:6,2,1,14
BRDA:6,2,2,4
BRDA:6,2,3,3
BRDA:6,2,4,3
BRDA:6,2,5,3
BRDA:32,3,0,9
BRDA:32,3,1,3
BRDA:40,4,0,11
BRF:12
BRH:11
end_of_record
